<?xml version="1.0" encoding="UTF-8"?>
<!-- Generated by org.testng.reporters.JUnitReportReporter -->
<testsuite hostname="SanjeevPC" failures="0" tests="1" name="ninja.Test.TC1" time="16.358" errors="0" timestamp="26 Dec 2020 17:25:10 GMT">
  <testcase classname="ninja.Test.TC1" name="SignInAndValidateAccountName" time="16.358"/>
</testsuite> <!-- ninja.Test.TC1 -->
